--2026-01-27 16:09:40--  http://hgdownload.soe.ucsc.edu/goldenPath/hg38/liftOver/hg38ToHg19.over.chain.gz
Resolving hgdownload.soe.ucsc.edu (hgdownload.soe.ucsc.edu)... 128.114.119.163
Connecting to hgdownload.soe.ucsc.edu (hgdownload.soe.ucsc.edu)|128.114.119.163|:80... connected.
HTTP request sent, awaiting response... 200 OK
Length: 1246411 (1.2M) [application/x-gzip]
Saving to: ‘./data/source/hg38ToHg19.over.chain.gz’

     0K .......... .......... .......... .......... ..........  4% 49.3K 24s
    50K .......... .......... .......... .......... ..........  8% 39.6K 25s
   100K .......... .......... .......... .......... .......... 12% 5.98K 76s
   150K .......... .......... .......... .......... .......... 16% 21.7K 66s
   200K .......... .......... .......... .......... .......... 20% 4.74K 91s
   250K .......... .......... .......... .......... .......... 24% 11.2K 85s
   300K .......... .......... .......... .......... .......... 28% 6.39K 89s
   350K .......... .......... .......... .......... .......... 32% 11.7K 82s
   400K .......... .......... .......... .......... .......... 36% 17.4K 73s
   450K .......... .......... .......... .......... .......... 41% 21.9K 65s
   500K .......... .......... .......... .......... .......... 45% 46.7K 56s
   550K .......... .......... .......... .......... .......... 49% 6.82K 55s
   600K .......... .......... .......... .......... .......... 53% 17.6K 49s
   650K .......... .......... .......... .......... .......... 57% 10.1K 45s
   700K .......... .......... .......... .......... .......... 61% 13.1K 41s
   750K .......... .......... .......... .......... .......... 65% 17.8K 35s
   800K .......... .......... .......... .......... .......... 69% 10.2K 31s
   850K .......... .......... .......... .......... .......... 73% 45.1K 26s
   900K .......... .......... .......... .......... .......... 78% 43.9K 21s
   950K .......... .......... .......... .......... .......... 82% 6.24K 18s
  1000K .......... .......... .......... .......... .......... 86% 5.56K 15s
  1050K .......... .......... .......... .......... .......... 90% 98.1K 10s
  1100K .......... .......... .......... .......... .......... 94% 33.5K 6s
  1150K .......... .......... .......... .......... .......... 98% 26.8K 1s
  1200K .......... .......                                    100% 9.01K=98s

2026-01-27 16:11:22 (12.4 KB/s) - ‘./data/source/hg38ToHg19.over.chain.gz’ saved [1246411/1246411]

gzip: ./data/source/hg38ToHg19.over.chain already exists;	not overwritten
--2026-01-27 16:11:25--  https://egg2.wustl.edu/roadmap/data/byFileType/peaks/consolidated/broadPeak/E029-DNase.hotspot.fdr0.01.broad.bed.gz
Resolving egg2.wustl.edu (egg2.wustl.edu)... 128.252.187.85
Connecting to egg2.wustl.edu (egg2.wustl.edu)|128.252.187.85|:443... connected.
HTTP request sent, awaiting response... 200 OK
Length: 1230002 (1.2M) [application/x-gzip]
Saving to: ‘./data/source/E029-DNase.hotspot.fdr0.01.broad.bed.gz’

     0K .......... .......... .......... .......... ..........  4% 25.0K 46s
    50K .......... .......... .......... .......... ..........  8% 15.8K 57s
   100K .......... .......... .......... .......... .......... 12% 11.9K 66s
   150K .......... .......... .......... .......... .......... 16% 76.7K 50s
   200K .......... .......... .......... .......... .......... 20% 25.1K 46s
   250K .......... .......... .......... .......... .......... 24% 10.6K 50s
   300K .......... .......... .......... .......... .......... 29% 37.4K 44s
   350K .......... .......... .......... .......... .......... 33% 11.6K 45s
   400K .......... .......... .......... .......... .......... 37% 61.2K 39s
   450K .......... .......... .......... .......... .......... 41% 70.5K 34s
   500K .......... .......... .......... .......... .......... 45% 20.6K 31s
   550K .......... .......... .......... .......... .......... 49% 13.7K 30s
   600K .......... .......... .......... .......... .......... 54% 7.18K 31s
   650K .......... .......... .......... .......... .......... 58% 10.3K 30s
   700K .......... .......... .......... .......... .......... 62% 6.23K 30s
   750K .......... .......... .......... .......... .......... 66% 16.7K 26s
   800K .......... .......... .......... .......... .......... 70% 18.4K 23s
   850K .......... .......... .......... .......... .......... 74% 11.3K 20s
   900K .......... .......... .......... .......... .......... 79% 5.40K 18s
   950K .......... .......... .......... .......... .......... 83% 6.42K 15s
  1000K .......... .......... .......... .......... .......... 87% 33.5K 11s
  1050K .......... .......... .......... .......... .......... 91% 28.7K 7s
  1100K .......... .......... .......... .......... .......... 95% 7.25K 4s
  1150K .......... .......... .......... .......... .......... 99% 70.1K 0s
  1200K .                                                     100% 2.19T=88s

2026-01-27 16:12:58 (13.7 KB/s) - ‘./data/source/E029-DNase.hotspot.fdr0.01.broad.bed.gz’ saved [1230002/1230002]

--2026-01-27 16:12:58--  https://egg2.wustl.edu/roadmap/data/byFileType/peaks/consolidated/broadPeak/E032-DNase.hotspot.fdr0.01.broad.bed.gz
Resolving egg2.wustl.edu (egg2.wustl.edu)... 128.252.187.85
Connecting to egg2.wustl.edu (egg2.wustl.edu)|128.252.187.85|:443... connected.
HTTP request sent, awaiting response... 200 OK
Length: 1025925 (1002K) [application/x-gzip]
Saving to: ‘./data/source/E032-DNase.hotspot.fdr0.01.broad.bed.gz’

     0K .......... .......... .......... .......... ..........  4% 49.7K 19s
    50K .......... .......... .......... .......... ..........  9% 15.3K 39s
   100K .......... .......... .......... .......... .......... 14% 7.07K 64s
   150K .......... .......... .......... .......... .......... 19% 34.9K 51s
   200K .......... .......... .......... .......... .......... 24% 10.6K 53s
   250K .......... .......... .......... .......... .......... 29% 11.8K 51s
   300K .......... .......... .......... .......... .......... 34%  138K 41s
   350K .......... .......... .......... .......... .......... 39% 9.82K 41s
   400K .......... .......... .......... .......... .......... 44% 27.4K 36s
   450K .......... .......... .......... .......... .......... 49% 16.0K 32s
   500K .......... .......... .......... .......... .......... 54% 60.3K 27s
   550K .......... .......... .......... .......... .......... 59% 17.0K 24s
   600K .......... .......... .......... .......... .......... 64% 74.4K 20s
   650K .......... .......... .......... .......... .......... 69% 8.85K 18s
   700K .......... .......... .......... .......... .......... 74% 19.3K 15s
   750K .......... .......... .......... .......... .......... 79% 6.60K 13s
   800K .......... .......... .......... .......... .......... 84% 61.9K 10s
   850K .......... .......... .......... .......... .......... 89% 4.98K 7s
   900K .......... .......... .......... .......... .......... 94% 4.48K 4s
   950K .......... .......... .......... .......... .......... 99% 14.1K 0s
  1000K .                                                     100% 2.06K=79s

2026-01-27 16:14:21 (12.7 KB/s) - ‘./data/source/E032-DNase.hotspot.fdr0.01.broad.bed.gz’ saved [1025925/1025925]

--2026-01-27 16:14:21--  https://egg2.wustl.edu/roadmap/data/byFileType/peaks/consolidated/broadPeak/E034-DNase.hotspot.fdr0.01.broad.bed.gz
Resolving egg2.wustl.edu (egg2.wustl.edu)... 128.252.187.85
Connecting to egg2.wustl.edu (egg2.wustl.edu)|128.252.187.85|:443... connected.
HTTP request sent, awaiting response... 200 OK
Length: 957582 (935K) [application/x-gzip]
Saving to: ‘./data/source/E034-DNase.hotspot.fdr0.01.broad.bed.gz’

     0K .......... .......... .......... .......... ..........  5% 66.8K 13s
    50K .......... .......... .......... .......... .......... 10% 7.91K 59s
   100K .......... .......... .......... .......... .......... 16% 29.1K 46s
   150K .......... .......... .......... .......... .......... 21% 18.9K 42s
   200K .......... .......... .......... .......... .......... 26% 10.5K 44s
   250K .......... .......... .......... .......... .......... 32% 40.0K 37s
   300K .......... .......... .......... .......... .......... 37% 51.5K 31s
   350K .......... .......... .......... .......... .......... 42% 25.8K 27s
   400K .......... .......... .......... .......... .......... 48% 4.73K 33s
   450K .......... .......... .......... .......... .......... 53% 23.4K 29s
   500K .......... .......... .......... .......... .......... 58% 21.7K 25s
   550K .......... .......... .......... .......... .......... 64% 5.86K 25s
   600K .......... .......... .......... .......... .......... 69% 25.0K 20s
   650K .......... .......... .......... .......... .......... 74% 7.66K 18s
   700K .......... .......... .......... .......... .......... 80% 30.6K 13s
   750K .......... .......... .......... .......... .......... 85% 15.2K 10s
   800K .......... .......... .......... .......... .......... 90% 14.8K 6s
   850K .......... .......... .......... .......... .......... 96%  117K 2s
   900K .......... .......... .......... .....                100% 14.8K=64s

2026-01-27 16:15:28 (14.7 KB/s) - ‘./data/source/E034-DNase.hotspot.fdr0.01.broad.bed.gz’ saved [957582/957582]

--2026-01-27 16:15:28--  https://api.gdc.cancer.gov/data/116ebba2-d284-485b-9121-faf73ce0a4ec
Resolving api.gdc.cancer.gov (api.gdc.cancer.gov)... 192.170.230.246, 2605:9a00:10:4008::102
Connecting to api.gdc.cancer.gov (api.gdc.cancer.gov)|192.170.230.246|:443... connected.
HTTP request sent, awaiting response... 200 OK
Length: 37522221 (36M) [application/octet-stream]
Saving to: ‘./data/source/TCGA-ATAC_PanCancer_PeakSet.txt’

     0K .......... .......... .......... .......... ..........  0% 17.2K 35m30s
    50K .......... .......... .......... .......... ..........  0% 9.39K 50m10s
   100K .......... .......... .......... .......... ..........  0% 10.7K 52m22s
   150K .......... .......... .......... .......... ..........  0% 32.4K 43m55s
   200K .......... .......... .......... .......... ..........  0% 23.7K 40m12s
   250K .......... .......... .......... .......... ..........  0% 5.60K 51m30s
   300K .......... .......... .......... .......... ..........  0% 9.08K 53m36s
   350K .......... .......... .......... .......... ..........  1% 4.76K 62m41s
   400K .......... .......... .......... .......... ..........  1% 16.9K 59m36s
   450K .......... .......... .......... .......... ..........  1% 6.81K 62m25s
   500K .......... .......... .......... .......... ..........  1% 12.6K 61m0s
   550K .......... .......... .......... .......... ..........  1% 13.4K 59m34s
   600K .......... .......... .......... .......... ..........  1% 50.8K 55m49s
   650K .......... .......... .......... .......... ..........  1% 35.8K 52m57s
   700K .......... .......... .......... .......... ..........  2% 25.9K 50m54s
   750K .......... .......... .......... .......... ..........  2% 11.5K 50m53s
   800K .......... .......... .......... .......... ..........  2% 7.22K 52m41s
   850K .......... .......... .......... .......... ..........  2% 13.3K 52m11s
   900K .......... .......... .......... .......... ..........  2% 13.6K 51m40s
   950K .......... .......... .......... .......... ..........  2% 30.6K 49m59s
  1000K .......... .......... .......... .......... ..........  2% 17.9K 49m7s
  1050K .......... .......... .......... .......... ..........  3% 11.9K 49m5s
  1100K .......... .......... .......... .......... ..........  3% 27.2K 47m49s
  1150K .......... .......... .......... .......... ..........  3% 17.0K 47m13s
  1200K .......... .......... .......... .......... ..........  3% 33.3K 45m58s
  1250K .......... .......... .......... .......... ..........  3% 8.94K 46m40s
  1300K .......... .......... .......... .......... ..........  3% 13.7K 46m28s
  1350K .......... .......... .......... .......... ..........  3% 9.77K 46m54s
  1400K .......... .......... .......... .......... ..........  3% 22.9K 46m6s
  1450K .......... .......... .......... .......... ..........  4% 34.4K 45m4s
  1500K .......... .......... .......... .......... ..........  4% 10.2K 45m24s
  1550K .......... .......... .......... .......... ..........  4% 12.4K 45m24s
  1600K .......... .......... .......... .......... ..........  4% 7.35K 46m22s
  1650K .......... .......... .......... .......... ..........  4% 28.6K 45m32s
  1700K .......... .......... .......... .......... ..........  4% 6.94K 46m34s
  1750K .......... .......... .......... .......... ..........  4% 27.9K 45m47s
  1800K .......... .......... .......... .......... ..........  5% 76.5K 44m41s
  1850K .......... .......... .......... .......... ..........  5%  131K 43m34s
  1900K .......... .......... .......... .......... ..........  5% 8.20K 44m12s
  1950K .......... .......... .......... .......... ..........  5% 23.7K 43m38s
  2000K .......... .......... .......... .......... ..........  5% 9.89K 43m56s
  2050K .......... .......... .......... .......... ..........  5% 14.0K 43m48s
  2100K .......... .......... .......... .......... ..........  5% 36.0K 43m6s
  2150K .......... .......... .......... .......... ..........  6% 18.0K 42m47s
  2200K .......... .......... .......... .......... ..........  6% 22.2K 42m20s
  2250K .......... .......... .......... .......... ..........  6% 16.5K 42m7s
  2300K .......... .......... .......... .......... ..........  6% 10.7K 42m17s
  2350K .......... .......... .......... .......... ..........  6% 12.5K 42m18s
  2400K .......... .......... .......... .......... ..........  6%  109K 41m29s
  2450K .......... .......... .......... .......... ..........  6% 14.5K 41m23s
  2500K .......... .......... .......... .......... ..........  6% 10.3K 41m36s
  2550K .......... .......... .......... .......... ..........  7% 11.3K 41m42s
  2600K .......... .......... .......... .......... ..........  7% 22.8K 41m19s
  2650K .......... .......... .......... .......... ..........  7% 6.83K 42m2s
  2700K .......... .......... .......... .......... ..........  7% 25.2K 41m37s
  2750K .......... .......... .......... .......... ..........  7% 10.7K 41m45s
  2800K .......... .......... .......... .......... ..........  7% 20.8K 41m26s
  2850K .......... .......... .......... .......... ..........  7% 15.0K 41m18s
  2900K .......... .......... .......... .......... ..........  8% 13.5K 41m15s
  2950K .......... .......... .......... .......... ..........  8% 10.1K 41m26s
  3000K .......... .......... .......... .......... ..........  8% 3.85K 43m4s
  3050K .......... .......... .......... .......... ..........  8% 68.9K 42m27s
  3100K .......... .......... .......... .......... ..........  8% 23.8K 42m5s
  3150K .......... .......... .......... .......... ..........  8% 5.90K 42m50s
  3200K .......... .......... .......... .......... ..........  8% 23.8K 42m29s
  3250K .......... .......... .......... .......... ..........  9% 6.36K 43m6s
  3300K .......... .......... .......... .......... ..........  9% 8.12K 43m24s
  3350K .......... .......... .......... .......... ..........  9% 39.8K 42m55s
  3400K .......... .......... .......... .......... ..........  9% 8.64K 43m9s
  3450K .......... .......... .......... .......... ..........  9% 14.4K 43m1s
  3500K .......... .......... .......... .......... ..........  9% 21.5K 42m43s
  3550K .......... .......... .......... .......... ..........  9% 23.1K 42m23s
  3600K .......... .......... .......... .......... ..........  9% 16.1K 42m13s
  3650K .......... .......... .......... .......... .......... 10% 11.9K 42m12s
  3700K .......... .......... .......... .......... .......... 10% 17.3K 42m0s
  3750K .......... .......... .......... .......... .......... 10% 10.3K 42m5s
  3800K .......... .......... .......... .......... .......... 10% 15.1K 41m56s
  3850K .......... .......... .......... .......... .......... 10% 6.62K 42m24s
  3900K .......... .......... .......... .......... .......... 10% 4.19K 43m26s
  3950K .......... .......... .......... .......... .......... 10% 43.8K 42m59s
  4000K .......... .......... .......... .......... .......... 11% 19.8K 42m44s
  4050K .......... .......... .......... .......... .......... 11% 16.0K 42m34s
  4100K .......... .......... .......... .......... .......... 11% 6.62K 42m58s
  4150K .......... .......... .......... .......... .......... 11% 33.7K 42m35s
  4200K .......... .......... .......... .......... .......... 11% 22.0K 42m18s
  4250K .......... .......... .......... .......... .......... 11% 11.6K 42m17s
  4300K .......... .......... .......... .......... .......... 11% 7.59K 42m33s
  4350K .......... .......... .......... .......... .......... 12% 24.9K 42m15s
  4400K .......... .......... .......... .......... .......... 12% 10.1K 42m18s
  4450K .......... .......... .......... .......... .......... 12%  130K 41m49s
  4500K .......... .......... .......... .......... .......... 12% 10.1K 41m53s
  4550K .......... .......... .......... .......... .......... 12% 4.94K 42m32s
  4600K .......... .......... .......... .......... .......... 12% 21.6K 42m16s
  4650K .......... .......... .......... .......... .......... 12% 5.97K 42m43s
  4700K .......... .......... .......... .......... .......... 12% 46.5K 42m19s
  4750K .......... .......... .......... .......... .......... 13% 70.3K 41m53s
  4800K .......... .......... .......... .......... .......... 13% 16.0K 41m44s
  4850K .......... .......... .......... .......... .......... 13% 13.9K 41m38s
  4900K .......... .......... .......... .......... .......... 13% 15.3K 41m29s
  4950K .......... .......... .......... .......... .......... 13% 25.4K 41m13s
  5000K .......... .......... .......... .......... .......... 13% 21.5K 40m59s
  5050K .......... .......... .......... .......... .......... 13% 33.1K 40m41s
  5100K .......... .......... .......... .......... .......... 14% 31.7K 40m23s
  5150K .......... .......... .......... .......... .......... 14% 17.1K 40m13s
  5200K .......... .......... .......... .......... .......... 14% 17.1K 40m4s
  5250K .......... .......... .......... .......... .......... 14% 17.3K 39m55s
  5300K .......... .......... .......... .......... .......... 14% 33.1K 39m37s
  5350K .......... .......... .......... .......... .......... 14% 9.90K 39m41s
  5400K .......... .......... .......... .......... .......... 14% 13.7K 39m36s
  5450K .......... .......... .......... .......... .......... 15% 19.7K 39m25s
  5500K .......... .......... .......... .......... .......... 15% 8.95K 39m31s
  5550K .......... .......... .......... .......... .......... 15% 18.5K 39m21s
  5600K .......... .......... .......... .......... .......... 15% 11.8K 39m20s
  5650K .......... .......... .......... .......... .......... 15% 31.5K 39m4s
  5700K .......... .......... .......... .......... .......... 15% 4.86K 39m35s
  5750K .......... .......... .......... .......... .......... 15% 7.06K 39m49s
  5800K .......... .......... .......... .......... .......... 15% 12.2K 39m46s
  5850K .......... .......... .......... .......... .......... 16% 15.4K 39m39s
  5900K .......... .......... .......... .......... .......... 16% 10.6K 39m39s
  5950K .......... .......... .......... .......... .......... 16% 10.1K 39m41s
  6000K .......... .......... .......... .......... .......... 16% 16.7K 39m33s
  6050K .......... .......... .......... .......... .......... 16% 11.4K 39m31s
  6100K .......... .......... .......... .......... .......... 16% 11.7K 39m29s
  6150K .......... .......... .......... .......... .......... 16% 10.5K 39m30s
  6200K .......... .......... .......... .......... .......... 17% 9.67K 39m32s
  6250K .......... .......... .......... .......... .......... 17% 26.8K 39m18s
  6300K .......... .......... .......... .......... .......... 17% 20.3K 39m8s
  6350K .......... .......... .......... .......... .......... 17% 69.8K 38m49s
  6400K .......... .......... .......... .......... .......... 17% 14.6K 38m43s
  6450K .......... .......... .......... .......... .......... 17% 87.2K 38m24s
  6500K .......... .......... .......... .......... .......... 17% 16.3K 38m17s
  6550K .......... .......... .......... .......... .......... 18% 80.0K 37m58s
  6600K .......... .......... .......... .......... .......... 18% 36.8K 37m44s
  6650K .......... .......... .......... .......... .......... 18% 8.30K 37m50s
  6700K .......... .......... .......... .......... .......... 18% 48.4K 37m34s
  6750K .......... .......... .......... .......... .......... 18% 17.5K 37m26s
  6800K .......... .......... .......... .......... .......... 18% 26.2K 37m14s
  6850K .......... .......... .......... .......... .......... 18% 53.1K 36m58s
  6900K .......... .......... .......... .......... .......... 18% 33.5K 36m45s
  6950K .......... .......... .......... .......... .......... 19% 7.95K 36m52s
  7000K .......... .......... .......... .......... .......... 19% 76.3K 36m36s
  7050K .......... .......... .......... .......... .......... 19% 29.3K 36m24s
  7100K .......... .......... .......... .......... .......... 19% 22.4K 36m14s
  7150K .......... .......... .......... .......... .......... 19% 12.4K 36m12s
  7200K .......... .......... .......... .......... .......... 19% 8.46K 36m17s
  7250K .......... .......... .......... .......... .......... 19% 63.0K 36m2s
  7300K .......... .......... .......... .......... .......... 20% 82.7K 35m46s
  7350K .......... .......... .......... .......... .......... 20% 15.3K 35m40s
  7400K .......... .......... .......... .......... .......... 20% 18.6K 35m33s
  7450K .......... .......... .......... .......... .......... 20% 31.1K 35m21s
  7500K .......... .......... .......... .......... .......... 20% 31.9K 35m10s
  7550K .......... .......... .......... .......... .......... 20% 30.0K 34m59s
  7600K .......... .......... .......... .......... .......... 20% 36.9K 34m46s
  7650K .......... .......... .......... .......... .......... 21% 17.4K 34m40s
  7700K .......... .......... .......... .......... .......... 21% 17.1K 34m34s
  7750K .......... .......... .......... .......... .......... 21% 26.8K 34m24s
  7800K .......... .......... .......... .......... .......... 21% 45.9K 34m11s
  7850K .......... .......... .......... .......... .......... 21% 10.0K 34m13s
  7900K .......... .......... .......... .......... .......... 21%  218K 33m57s
  7950K .......... .......... .......... .......... .......... 21%  101K 33m43s
  8000K .......... .......... .......... .......... .......... 21% 22.7K 33m35s
  8050K .......... .......... .......... .......... .......... 22% 16.1K 33m30s
  8100K .......... .......... .......... .......... .......... 22% 13.6K 33m27s
  8150K .......... .......... .......... .......... .......... 22% 24.5K 33m18s
  8200K .......... .......... .......... .......... .......... 22%  130K 33m4s
  8250K .......... .......... .......... .......... .......... 22% 5.87K 33m17s
  8300K .......... .......... .......... .......... .......... 22% 12.5K 33m15s
  8350K .......... .......... .......... .......... .......... 22% 10.7K 33m16s
  8400K .......... .......... .......... .......... .......... 23% 2.65K 34m3s
  8450K .......... .......... .......... .......... .......... 23% 13.9K 34m0s
  8500K .......... .......... .......... .......... .......... 23% 6.24K 34m10s
  8550K .......... .......... .......... .......... .......... 23% 4.32K 34m33s
  8600K .......... .......... .......... .......... .......... 23% 3.63K 35m1s
  8650K .......... .......... .......... .......... .......... 23% 13.2K 34m58s
  8700K .......... .......... .......... .......... .......... 23% 6.98K 35m5s
  8750K .......... .......... .......... .......... .......... 24% 23.0K 34m56s
  8800K .......... .......... .......... .......... .......... 24% 3.06K 35m32s
  8850K .......... .......... .......... .......... .......... 24% 8.82K 35m34s
  8900K .......... .......... .......... .......... .......... 24% 11.8K 35m31s
  8950K .......... .......... .......... .......... .......... 24% 17.2K 35m24s
  9000K .......... .......... .......... .......... .......... 24% 51.1K 35m12s
  9050K .......... .......... .......... .......... .......... 24% 4.96K 35m27s
  9100K .......... .......... .......... .......... .......... 24% 8.90K 35m28s
  9150K .......... .......... .......... .......... .......... 25% 10.2K 35m27s
  9200K .......... .......... .......... .......... .......... 25% 10.4K 35m26s
  9250K .......... .......... .......... .......... .......... 25% 26.2K 35m17s
  9300K .......... .......... .......... .......... .......... 25% 47.9K 35m4s
  9350K .......... .......... .......... .......... .......... 25% 19.8K 34m57s
  9400K .......... .......... .......... .......... .......... 25% 22.1K 34m48s
  9450K .......... .......... .......... .......... .......... 25% 26.5K 34m39s
  9500K .......... .......... .......... .......... .......... 26% 20.4K 34m31s
  9550K .......... .......... .......... .......... .......... 26% 22.0K 34m23s
  9600K .......... .......... .......... .......... .......... 26% 8.82K 34m24s
  9650K .......... .......... .......... .......... .......... 26% 14.8K 34m19s
  9700K .......... .......... .......... .......... .......... 26% 48.9K 34m8s
  9750K .......... .......... .......... .......... .......... 26% 20.9K 34m0s
  9800K .......... .......... .......... .......... .......... 26% 8.74K 34m2s
  9850K .......... .......... .......... .......... .......... 27% 10.7K 34m0s
  9900K .......... .......... .......... .......... .......... 27% 14.1K 33m56s
  9950K .......... .......... .......... .......... .......... 27% 19.0K 33m49s
 10000K .......... .......... .......... .......... .......... 27% 45.8K 33m38s
 10050K .......... .......... .......... .......... .......... 27% 7.37K 33m42s
 10100K .......... .......... .......... .......... .......... 27% 5.89K 33m50s
 10150K .......... .......... .......... .......... .......... 27%  109K 33m37s
 10200K .......... .......... .......... .......... .......... 27%  112K 33m25s
 10250K .......... .......... .......... .......... .......... 28% 17.9K 33m19s
 10300K .......... .......... .......... .......... .......... 28% 16.1K 33m13s
 10350K .......... .......... .......... .......... .......... 28% 46.7K 33m2s
 10400K .......... .......... .......... .......... .......... 28% 13.6K 32m58s
 10450K .......... .......... .......... .......... .......... 28% 38.5K 32m48s
 10500K .......... .......... .......... .......... .......... 28% 12.5K 32m45s
 10550K .......... .......... .......... .......... .......... 28% 15.7K 32m40s
 10600K .......... .......... .......... .......... .......... 29% 7.89K 32m43s
 10650K .......... .......... .......... .......... .......... 29% 18.9K 32m36s
 10700K .......... .......... .......... .......... .......... 29%  114K 32m24s
 10750K .......... .......... .......... .......... .......... 29% 12.3K 32m21s
 10800K .......... .......... .......... .......... .......... 29%  103K 32m10s
 10850K .......... .......... .......... .......... .......... 29% 15.4K 32m5s
 10900K .......... .......... .......... .......... .......... 29% 12.5K 32m2s
 10950K .......... .......... .......... .......... .......... 30% 11.5K 31m59s
 11000K .......... .......... .......... .......... .......... 30% 10.7K 31m58s
 11050K .......... .......... .......... .......... .......... 30% 39.3K 31m48s
 11100K .......... .......... .......... .......... .......... 30% 12.6K 31m45s
 11150K .......... .......... .......... .......... .......... 30% 62.4K 31m35s
 11200K .......... .......... .......... .......... .......... 30% 12.5K 31m32s
 11250K .......... .......... .......... .......... .......... 30% 10.2K 31m31s
 11300K .......... .......... .......... .......... .......... 30% 27.3K 31m23s
 11350K .......... .......... .......... .......... .......... 31% 17.3K 31m17s
 11400K .......... .......... .......... .......... .......... 31% 24.3K 31m10s
 11450K .......... .......... .......... .......... .......... 31% 12.5K 31m7s
 11500K .......... .......... .......... .......... .......... 31% 36.5K 30m58s
 11550K .......... .......... .......... .......... .......... 31% 11.3K 30m56s
 11600K .......... .......... .......... .......... .......... 31% 99.3K 30m45s
 11650K .......... .......... .......... .......... .......... 31% 9.36K 30m45s
 11700K .......... .......... .......... .......... .......... 32% 32.5K 30m37s
 11750K .......... .......... .......... .......... .......... 32% 7.37K 30m39s
 11800K .......... .......... .......... .......... .......... 32% 22.5K 30m33s
 11850K .......... .......... .......... .......... .......... 32% 8.29K 30m34s
 11900K .......... .......... .......... .......... .......... 32% 27.1K 30m26s
 11950K .......... .......... .......... .......... .......... 32% 13.8K 30m22s
 12000K .......... .......... .......... .......... .......... 32% 54.6K 30m13s
 12050K .......... .......... .......... .......... .......... 33% 16.1K 30m8s
 12100K .......... .......... .......... .......... .......... 33% 14.2K 30m4s
 12150K .......... .......... .......... .......... .......... 33% 10.8K 30m2s
 12200K .......... .......... .......... .......... .......... 33% 18.5K 29m57s
 12250K .......... .......... .......... .......... .......... 33% 60.3K 29m47s
 12300K .......... .......... .......... .......... .......... 33% 37.7K 29m39s
 12350K .......... .......... .......... .......... .......... 33% 22.7K 29m33s
 12400K .......... .......... .......... .......... .......... 33% 52.8K 29m24s
 12450K .......... .......... .......... .......... .......... 34% 62.7K 29m15s
 12500K .......... .......... .......... .......... .......... 34% 36.1K 29m7s
 12550K .......... .......... .......... .......... .......... 34% 34.8K 28m59s
 12600K .......... .......... .......... .......... .......... 34% 37.6K 28m51s
 12650K .......... .......... .......... .......... .......... 34% 19.1K 28m45s
 12700K .......... .......... .......... .......... .......... 34% 66.6K 28m36s
 12750K .......... .......... .......... .......... .......... 34% 39.6K 28m28s
 12800K .......... .......... .......... .......... .......... 35% 15.5K 28m24s
 12850K .......... .......... .......... .......... .......... 35% 36.2K 28m17s
 12900K .......... .......... .......... .......... .......... 35% 47.4K 28m8s
 12950K .......... .......... .......... .......... .......... 35% 17.2K 28m4s
 13000K .......... .......... .......... .......... .......... 35% 48.6K 27m56s
 13050K .......... .......... .......... .......... .......... 35% 22.4K 27m50s
 13100K .......... .......... .......... .......... .......... 35% 29.0K 27m43s
 13150K .......... .......... .......... .......... .......... 36% 24.3K 27m37s
 13200K .......... .......... .......... .......... .......... 36% 6.78K 27m40s
 13250K .......... .......... .......... .......... .......... 36% 24.6K 27m34s
 13300K .......... .......... .......... .......... .......... 36% 34.4K 27m27s
 13350K .......... .......... .......... .......... .......... 36% 23.5K 27m21s
 13400K .......... .......... .......... .......... .......... 36% 15.5K 27m17s
 13450K .......... .......... .......... .......... .......... 36% 8.74K 27m17s
 13500K .......... .......... .......... .......... .......... 36% 56.1K 27m9s
 13550K .......... .......... .......... .......... .......... 37% 14.4K 27m5s
 13600K .......... .......... .......... .......... .......... 37% 6.53K 27m8s
 13650K .......... .......... .......... .......... .......... 37% 41.8K 27m1s
 13700K .......... .......... .......... .......... .......... 37% 21.6K 26m55s
 13750K .......... .......... .......... .......... .......... 37% 11.1K 26m54s
 13800K .......... .......... .......... .......... .......... 37% 22.5K 26m48s
 13850K .......... .......... .......... .......... .......... 37% 28.5K 26m41s
 13900K .......... .......... .......... .......... .......... 38% 18.8K 26m37s
 13950K .......... .......... .......... .......... .......... 38% 18.7K 26m32s
 14000K .......... .......... .......... .......... .......... 38% 7.65K 26m33s
 14050K .......... .......... .......... .......... .......... 38% 16.8K 26m29s
 14100K .......... .......... .......... .......... .......... 38% 52.1K 26m21s
 14150K .......... .......... .......... .......... .......... 38% 13.9K 26m18s
 14200K .......... .......... .......... .......... .......... 38% 13.3K 26m14s
 14250K .......... .......... .......... .......... .......... 39% 73.9K 26m6s
 14300K .......... .......... .......... .......... .......... 39% 6.70K 26m9s
 14350K .......... .......... .......... .......... .......... 39% 10.8K 26m7s
 14400K .......... .......... .......... .......... .......... 39% 4.71K 26m15s
 14450K .......... .......... .......... .......... .......... 39% 16.3K 26m10s
 14500K .......... .......... .......... .......... .......... 39% 10.4K 26m9s
 14550K .......... .......... .......... .......... .......... 39% 24.2K 26m3s
 14600K .......... .......... .......... .......... .......... 39% 5.58K 26m8s
 14650K .......... .......... .......... .......... .......... 40% 15.8K 26m3s
 14700K .......... .......... .......... .......... .......... 40% 65.7K 25m56s
 14750K .......... .......... .......... .......... .......... 40% 18.5K 25m51s
 14800K .......... .......... .......... .......... .......... 40% 11.8K 25m48s
 14850K .......... .......... .......... .......... .......... 40% 10.2K 25m47s
 14900K .......... .......... .......... .......... .......... 40% 80.8K 25m39s
 14950K .......... .......... .......... .......... .......... 40% 13.4K 25m36s
 15000K .......... .......... .......... .......... .......... 41% 9.44K 25m35s
 15050K .......... .......... .......... .......... .......... 41% 13.9K 25m31s
 15100K .......... .......... .......... .......... .......... 41% 26.3K 25m25s
 15150K .......... .......... .......... .......... .......... 41% 83.9K 25m17s
 15200K .......... .......... .......... .......... .......... 41% 81.0K 25m10s
 15250K .......... .......... .......... .......... .......... 41% 17.2K 25m5s
 15300K .......... .......... .......... .......... .......... 41% 12.0K 25m3s
 15350K .......... .......... .......... .......... .......... 42% 21.9K 24m58s
 15400K .......... .......... .......... .......... .......... 42% 16.3K 24m53s
 15450K .......... .......... .......... .......... .......... 42% 34.3K 24m47s
 15500K .......... .......... .......... .......... .......... 42% 10.1K 24m46s
 15550K .......... .......... .......... .......... .......... 42% 20.5K 24m41s
 15600K .......... .......... .......... .......... .......... 42% 32.2K 24m34s
 15650K .......... .......... .......... .......... .......... 42% 11.5K 24m32s
 15700K .......... .......... .......... .......... .......... 42% 37.3K 24m26s
 15750K .......... .......... .......... .......... .......... 43% 59.2K 24m19s
 15800K .......... .......... .......... .......... .......... 43% 31.1K 24m13s
 15850K .......... .......... .......... .......... .......... 43% 24.8K 24m7s
 15900K .......... .......... .......... .......... .......... 43% 27.9K 24m1s
 15950K .......... .......... .......... .......... .......... 43% 64.8K 23m55s
 16000K .......... .......... .......... .......... .......... 43% 11.3K 23m52s
 16050K .......... .......... .......... .......... .......... 43% 19.6K 23m48s
 16100K .......... .......... .......... .......... .......... 44%  119K 23m40s
 16150K .......... .......... .......... .......... .......... 44% 11.3K 23m38s
 16200K .......... .......... .......... .......... .......... 44% 17.2K 23m34s
 16250K .......... .......... .......... .......... .......... 44% 11.4K 23m31s
 16300K .......... .......... .......... .......... .......... 44% 8.47K 23m31s
 16350K .......... .......... .......... .......... .......... 44% 44.7K 23m25s
 16400K .......... .......... .......... .......... .......... 44% 19.9K 23m20s
 16450K .......... .......... .......... .......... .......... 45% 28.9K 23m14s
 16500K .......... .......... .......... .......... .......... 45% 14.1K 23m11s
 16550K .......... .......... .......... .......... .......... 45% 15.1K 23m7s
 16600K .......... .......... .......... .......... .......... 45% 19.0K 23m3s
 16650K .......... .......... .......... .......... .......... 45% 13.7K 23m0s
 16700K .......... .......... .......... .......... .......... 45% 25.2K 22m54s
 16750K .......... .......... .......... .......... .......... 45% 6.36K 22m56s
 16800K .......... .......... .......... .......... .......... 45% 93.1K 22m49s
 16850K .......... .......... .......... .......... .......... 46% 14.2K 22m46s
 16900K .......... .......... .......... .......... .......... 46% 14.4K 22m42s
 16950K .......... .......... .......... .......... .......... 46% 33.0K 22m37s
 17000K .......... .......... .......... .......... .......... 46% 5.72K 22m39s
 17050K .......... .......... .......... .......... .......... 46% 17.0K 22m35s
 17100K .......... .......... .......... .......... .......... 46% 29.3K 22m30s
 17150K .......... .......... .......... .......... .......... 46% 11.1K 22m28s
 17200K .......... .......... .......... .......... .......... 47% 9.22K 22m26s
 17250K .......... .......... .......... .......... .......... 47% 13.9K 22m23s
 17300K .......... .......... .......... .......... .......... 47% 15.4K 22m19s
 17350K .......... .......... .......... .......... .......... 47% 8.97K 22m18s
 17400K .......... .......... .......... .......... .......... 47% 8.14K 22m18s
 17450K .......... .......... .......... .......... .......... 47% 19.6K 22m13s
 17500K .......... .......... .......... .......... .......... 47% 11.6K 22m10s
 17550K .......... .......... .......... .......... .......... 48% 24.7K 22m5s
 17600K .......... .......... .......... .......... .......... 48% 5.81K 22m7s
 17650K .......... .......... .......... .......... .......... 48% 14.6K 22m4s
 17700K .......... .......... .......... .......... .......... 48% 5.06K 22m7s
 17750K .......... .......... .......... .......... .......... 48% 6.21K 22m9s
 17800K .......... .......... .......... .......... .......... 48% 13.9K 22m5s
 17850K .......... .......... .......... .......... .......... 48% 15.2K 22m1s
 17900K .......... .......... .......... .......... .......... 48% 9.14K 22m0s
 17950K .......... .......... .......... .......... .......... 49% 49.0K 21m54s
 18000K .......... .......... .......... .......... .......... 49% 12.6K 21m51s
 18050K .......... .......... .......... .......... .......... 49% 7.32K 21m50s
 18100K .......... .......... .......... .......... .......... 49% 40.4K 21m45s
 18150K .......... .......... .......... .......... .......... 49% 8.78K 21m43s
 18200K .......... .......... .......... .......... .......... 49% 14.7K 21m40s
 18250K .......... .......... .......... .......... .......... 49%  114K 21m33s
 18300K .......... .......... .......... .......... .......... 50% 20.4K 21m28s
 18350K .......... .......... .......... .......... .......... 50% 18.4K 21m24s
 18400K .......... .......... .......... .......... .......... 50% 18.4K 21m20s
 18450K .......... .......... .......... .......... .......... 50% 11.8K 21m17s
 18500K .......... .......... .......... .......... .......... 50% 10.7K 21m15s
 18550K .......... .......... .......... .......... .......... 50% 27.3K 21m9s
 18600K .......... .......... .......... .......... .......... 50% 15.9K 21m5s
 18650K .......... .......... .......... .......... .......... 51% 33.8K 21m0s
 18700K .......... .......... .......... .......... .......... 51% 18.6K 20m56s
 18750K .......... .......... .......... .......... .......... 51% 9.27K 20m54s
 18800K .......... .......... .......... .......... .......... 51% 30.7K 20m49s
 18850K .......... .......... .......... .......... .......... 51% 19.6K 20m44s
 18900K .......... .......... .......... .......... .......... 51% 54.1K 20m38s
 18950K .......... .......... .......... .......... .......... 51% 41.3K 20m33s
 19000K .......... .......... .......... .......... .......... 51% 12.2K 20m30s
 19050K .......... .......... .......... .......... .......... 52% 18.5K 20m26s
 19100K .......... .......... .......... .......... .......... 52% 22.3K 20m21s
 19150K .......... .......... .......... .......... .......... 52% 21.2K 20m16s
 19200K .......... .......... .......... .......... .......... 52% 22.5K 20m12s
 19250K .......... .......... .......... .......... .......... 52% 28.9K 20m7s
 19300K .......... .......... .......... .......... .......... 52% 33.5K 20m1s
 19350K .......... .......... .......... .......... .......... 52% 22.4K 19m57s
 19400K .......... .......... .......... .......... .......... 53% 35.1K 19m52s
 19450K .......... .......... .......... .......... .......... 53% 30.8K 19m47s
 19500K .......... .......... .......... .......... .......... 53% 13.0K 19m43s
 19550K .......... .......... .......... .......... .......... 53% 7.18K 19m43s
 19600K .......... .......... .......... .......... .......... 53% 35.7K 19m38s
 19650K .......... .......... .......... .......... .......... 53% 8.42K 19m36s
 19700K .......... .......... .......... .......... .......... 53% 41.0K 19m31s
 19750K .......... .......... .......... .......... .......... 54% 18.7K 19m27s
 19800K .......... .......... .......... .......... .......... 54% 74.4K 19m21s
 19850K .......... .......... .......... .......... .......... 54% 40.6K 19m16s
 19900K .......... .......... .......... .......... .......... 54% 14.6K 19m12s
 19950K .......... .......... .......... .......... .......... 54% 18.5K 19m8s
 20000K .......... .......... .......... .......... .......... 54% 7.40K 19m7s
 20050K .......... .......... .......... .......... .......... 54% 15.2K 19m4s
 20100K .......... .......... .......... .......... .......... 54% 58.7K 18m58s
 20150K .......... .......... .......... .......... .......... 55%  100K 18m52s
 20200K .......... .......... .......... .......... .......... 55% 29.4K 18m48s
 20250K .......... .......... .......... .......... .......... 55% 22.3K 18m43s
 20300K .......... .......... .......... .......... .......... 55% 28.7K 18m38s
 20350K .......... .......... .......... .......... .......... 55% 13.6K 18m35s
 20400K .......... .......... .......... .......... .......... 55% 30.9K 18m30s
 20450K .......... .......... .......... .......... .......... 55% 9.08K 18m28s
 20500K .......... .......... .......... .......... .......... 56% 30.2K 18m24s
 20550K .......... .......... .......... .......... .......... 56% 16.8K 18m20s
 20600K .......... .......... .......... .......... .......... 56% 18.4K 18m16s
 20650K .......... .......... .......... .......... .......... 56% 15.9K 18m12s
 20700K .......... .......... .......... .......... .......... 56% 6.72K 18m12s
 20750K .......... .......... .......... .......... .......... 56% 17.0K 18m8s
 20800K .......... .......... .......... .......... .......... 56% 12.5K 18m5s
 20850K .......... .......... .......... .......... .......... 57% 42.4K 18m0s
 20900K .......... .......... .......... .......... .......... 57% 12.3K 17m57s
 20950K .......... .......... .......... .......... .......... 57% 20.6K 17m53s
 21000K .......... .......... .......... .......... .......... 57% 49.9K 17m48s
 21050K .......... .......... .......... .......... .......... 57% 31.1K 17m43s
 21100K .......... .......... .......... .......... .......... 57% 23.7K 17m38s
 21150K .......... .......... .......... .......... .......... 57% 38.5K 17m33s
 21200K .......... .......... .......... .......... .......... 57% 8.86K 17m32s
 21250K .......... .......... .......... .......... .......... 58% 14.7K 17m28s
 21300K .......... .......... .......... .......... .......... 58% 12.9K 17m25s
 21350K .......... .......... .......... .......... .......... 58% 54.5K 17m20s
 21400K .......... .......... .......... .......... .......... 58% 22.5K 17m16s
 21450K .......... .......... .......... .......... .......... 58% 14.2K 17m12s
 21500K .......... .......... .......... .......... .......... 58% 24.0K 17m8s
 21550K .......... .......... .......... .......... .......... 58% 11.3K 17m5s
 21600K .......... .......... .......... .......... .......... 59% 5.46K 17m6s
 21650K .......... .......... .......... .......... .......... 59% 12.1K 17m3s
 21700K .......... .......... .......... .......... .......... 59% 6.66K 17m2s
 21750K .......... .......... .......... .......... .......... 59% 40.9K 16m57s
 21800K .......... .......... .......... .......... .......... 59% 18.0K 16m54s
 21850K .......... .......... .......... .......... .......... 59% 15.8K 16m50s
 21900K .......... .......... .......... .......... .......... 59% 17.4K 16m46s
 21950K .......... .......... .......... .......... .......... 60% 31.3K 16m42s
 22000K .......... .......... .......... .......... .......... 60% 24.3K 16m37s
 22050K .......... .......... .......... .......... .......... 60% 26.5K 16m33s
 22100K .......... .......... .......... .......... .......... 60% 25.8K 16m28s
 22150K .......... .......... .......... .......... .......... 60% 10.5K 16m26s
 22200K .......... .......... .......... .......... .......... 60% 91.8K 16m21s
 22250K .......... .......... .......... .......... .......... 60% 57.5K 16m16s
 22300K .......... .......... .......... .......... .......... 60% 47.6K 16m11s
 22350K .......... .......... .......... .......... .......... 61% 18.9K 16m7s
 22400K .......... .......... .......... .......... .......... 61% 48.6K 16m2s
 22450K .......... .......... .......... .......... .......... 61% 25.3K 15m58s
 22500K .......... .......... .......... .......... .......... 61% 84.0K 15m52s
 22550K .......... .......... .......... .......... .......... 61% 29.2K 15m48s
 22600K .......... .......... .......... .......... .......... 61% 22.8K 15m44s
 22650K .......... .......... .......... .......... .......... 61% 24.0K 15m40s
 22700K .......... .......... .......... .......... .......... 62% 21.8K 15m36s
 22750K .......... .......... .......... .......... .......... 62% 16.1K 15m32s
 22800K .......... .......... .......... .......... .......... 62% 18.3K 15m28s
 22850K .......... .......... .......... .......... .......... 62% 8.00K 15m27s
 22900K .......... .......... .......... .......... .......... 62% 6.15K 15m26s
 22950K .......... .......... .......... .......... .......... 62% 17.0K 15m23s
 23000K .......... .......... .......... .......... .......... 62% 10.6K 15m20s
 23050K .......... .......... .......... .......... .......... 63% 23.8K 15m16s
 23100K .......... .......... .......... .......... .......... 63% 32.5K 15m11s
 23150K .......... .......... .......... .......... .......... 63% 58.7K 15m7s
 23200K .......... .......... .......... .......... .......... 63% 16.7K 15m3s
 23250K .......... .......... .......... .......... .......... 63% 20.4K 14m59s
 23300K .......... .......... .......... .......... .......... 63% 13.8K 14m56s
 23350K .......... .......... .......... .......... .......... 63% 23.8K 14m52s
 23400K .......... .......... .......... .......... .......... 63% 7.43K 14m50s
 23450K .......... .......... .......... .......... .......... 64% 7.86K 14m49s
 23500K .......... .......... .......... .......... .......... 64% 24.3K 14m45s
 23550K .......... .......... .......... .......... .......... 64% 9.56K 14m42s
 23600K .......... .......... .......... .......... .......... 64% 66.1K 14m37s
 23650K .......... .......... .......... .......... .......... 64% 11.7K 14m34s
 23700K .......... .......... .......... .......... .......... 64% 17.9K 14m31s
 23750K .......... .......... .......... .......... .......... 64% 26.0K 14m27s
 23800K .......... .......... .......... .......... .......... 65% 18.3K 14m23s
 23850K .......... .......... .......... .......... .......... 65% 12.9K 14m20s
 23900K .......... .......... .......... .......... .......... 65% 39.3K 14m15s
 23950K .......... .......... .......... .......... .......... 65% 67.0K 14m11s
 24000K .......... .......... .......... .......... .......... 65% 11.6K 14m8s
 24050K .......... .......... .......... .......... .......... 65% 45.6K 14m3s
 24100K .......... .......... .......... .......... .......... 65% 22.8K 13m59s
 24150K .......... .......... .......... .......... .......... 66% 25.9K 13m55s
 24200K .......... .......... .......... .......... .......... 66% 13.2K 13m52s
 24250K .......... .......... .......... .......... .......... 66% 23.5K 13m48s
 24300K .......... .......... .......... .......... .......... 66% 9.61K 13m46s
 24350K .......... .......... .......... .......... .......... 66% 16.8K 13m42s
 24400K .......... .......... .......... .......... .......... 66% 7.15K 13m40s
 24450K .......... .......... .......... .......... .......... 66% 30.8K 13m36s
 24500K .......... .......... .......... .......... .......... 66% 38.8K 13m32s
 24550K .......... .......... .......... .......... .......... 67% 24.4K 13m28s
 24600K .......... .......... .......... .......... .......... 67% 19.9K 13m24s
 24650K .......... .......... .......... .......... .......... 67% 52.5K 13m20s
 24700K .......... .......... .......... .......... .......... 67% 31.6K 13m15s
 24750K .......... .......... .......... .......... .......... 67%  139K 13m11s
 24800K .......... .......... .......... .......... .......... 67% 9.01K 13m8s
 24850K .......... 